{"name": "test_needsfiles", "status": "failed", "statusDetails": {"message": "AssertionError: assert 0", "trace": "tmpdir = local('C:\\\\Users\\\\dell\\\\AppData\\\\Local\\\\Temp\\\\pytest-of-dell\\\\pytest-12\\\\test_needsfiles0')\n\n    def test_needsfiles(tmpdir):\n        print(tmpdir)\n>       assert 0\nE       assert 0\n\ntest_tmpdir.py:13: AssertionError"}, "attachments": [{"name": "stdout", "source": "435315a5-faca-4c96-8fb1-a079aac53017-attachment.txt", "type": "text/plain"}], "start": 1592389159457, "stop": 1592389159458, "uuid": "4681958d-3994-4d64-8044-45da7cda30d9", "historyId": "a185e92f134bc213a125eaf95acd615d", "testCaseId": "d9c080e8a0e411c4fd8f912472e743f8", "fullName": "test_tmpdir#test_needsfiles", "labels": [{"name": "suite", "value": "test_tmpdir"}, {"name": "host", "value": "R10459"}, {"name": "thread", "value": "23444-MainThread"}, {"name": "framework", "value": "pytest"}, {"name": "language", "value": "cpython3"}, {"name": "package", "value": "test_tmpdir"}]}